-- MySQL dump 10.13  Distrib 5.1.54, for debian-linux-gnu (i686)
--
-- Host: localhost    Database: Forester_production
-- ------------------------------------------------------
-- Server version	5.1.54-1ubuntu4

/*!40101 SET @OLD_CHARACTER_SET_CLIENT=@@CHARACTER_SET_CLIENT */;
/*!40101 SET @OLD_CHARACTER_SET_RESULTS=@@CHARACTER_SET_RESULTS */;
/*!40101 SET @OLD_COLLATION_CONNECTION=@@COLLATION_CONNECTION */;
/*!40101 SET NAMES utf8 */;
/*!40103 SET @OLD_TIME_ZONE=@@TIME_ZONE */;
/*!40103 SET TIME_ZONE='+00:00' */;
/*!40014 SET @OLD_UNIQUE_CHECKS=@@UNIQUE_CHECKS, UNIQUE_CHECKS=0 */;
/*!40014 SET @OLD_FOREIGN_KEY_CHECKS=@@FOREIGN_KEY_CHECKS, FOREIGN_KEY_CHECKS=0 */;
/*!40101 SET @OLD_SQL_MODE=@@SQL_MODE, SQL_MODE='NO_AUTO_VALUE_ON_ZERO' */;
/*!40111 SET @OLD_SQL_NOTES=@@SQL_NOTES, SQL_NOTES=0 */;

--
-- Table structure for table `addresses`
--

DROP TABLE IF EXISTS `addresses`;
/*!40101 SET @saved_cs_client     = @@character_set_client */;
/*!40101 SET character_set_client = utf8 */;
CREATE TABLE `addresses` (
  `id` int(11) NOT NULL AUTO_INCREMENT,
  `street` varchar(255) COLLATE utf8_unicode_ci DEFAULT NULL,
  `city` varchar(255) COLLATE utf8_unicode_ci DEFAULT NULL,
  `zip_code` varchar(255) COLLATE utf8_unicode_ci DEFAULT NULL,
  `state` int(11) DEFAULT NULL,
  `created_at` datetime DEFAULT NULL,
  `updated_at` datetime DEFAULT NULL,
  PRIMARY KEY (`id`)
) ENGINE=InnoDB AUTO_INCREMENT=48 DEFAULT CHARSET=utf8 COLLATE=utf8_unicode_ci;
/*!40101 SET character_set_client = @saved_cs_client */;

--
-- Dumping data for table `addresses`
--

LOCK TABLES `addresses` WRITE;
/*!40000 ALTER TABLE `addresses` DISABLE KEYS */;
INSERT INTO `addresses` VALUES (1,'','','',47,'2011-10-14 21:09:15','2011-10-14 21:09:15'),(2,'','','',47,'2011-10-14 21:09:26','2011-10-14 21:09:26'),(3,'','','',47,'2011-10-14 21:10:00','2011-10-14 21:10:00'),(4,'  ',' ','  ',47,'2011-10-14 21:11:02','2011-10-14 21:11:08'),(5,'','','',4,'2011-10-14 22:46:16','2011-10-14 22:46:16'),(6,' ','',' ',47,'2011-10-14 22:47:23','2011-10-14 22:47:51'),(7,'    ','  ','    ',47,'2011-10-19 01:55:52','2011-11-09 20:49:47'),(8,'','','',0,'2011-10-19 01:56:20','2011-10-19 01:56:20'),(9,'120 Industrial Way','Longview','98632',47,'2011-10-20 22:10:10','2011-10-20 22:10:10'),(10,'','','',0,'2011-10-20 22:35:53','2011-10-20 22:35:53'),(11,'','','',37,'2011-10-20 23:01:27','2011-10-20 23:01:27'),(12,'','','',47,'2011-10-20 23:02:50','2011-10-20 23:02:50'),(13,' ','',' ',47,'2011-11-09 19:52:54','2011-12-01 23:41:20'),(14,'18403 and 18437 NE 50th Ave.','Vancouver','98686',47,'2011-11-28 17:52:43','2011-11-28 17:52:43'),(15,'985 NW Second ST','Kalama','98625',47,'2011-11-29 00:27:34','2011-11-29 00:27:34'),(16,'7305 Soundview Dr. #302','Gig Harbor','98335   ',47,'2011-12-01 22:18:48','2011-12-19 18:38:13'),(17,'7305 Soundview Dr. #302','Gig Harbor','98335',47,'2011-12-01 22:18:53','2011-12-01 22:18:53'),(18,'7305 Soundview Dr. #302','Gig Harbor','98335',47,'2011-12-01 22:19:46','2011-12-01 22:19:46'),(19,'7305 Soundview Dr. #302','Gig Harbor','98335',47,'2011-12-01 22:19:54','2011-12-01 22:19:54'),(20,'7305 Soundview Dr. #302','Gig Harbor','98335',47,'2011-12-01 22:20:06','2011-12-01 22:20:06'),(21,'','','',0,'2011-12-01 22:33:48','2011-12-01 22:33:48'),(22,' PO Box 1328','Morton','98356',47,'2011-12-01 22:34:13','2011-12-01 22:35:15'),(23,'PO Box 346','Clatskanie','97016',37,'2011-12-01 22:41:52','2011-12-01 22:41:52'),(24,'3223 Pine Street','Everett','98201',47,'2011-12-01 22:50:33','2011-12-01 22:50:33'),(25,'PO Box 687','Onalaska','98570',47,'2011-12-01 22:53:05','2011-12-01 22:53:05'),(26,'PO Box 269','Chehalis','98532',47,'2011-12-01 22:53:55','2011-12-01 22:53:55'),(27,' PO Box 529','Eugene','97440',37,'2011-12-01 22:55:22','2011-12-01 22:56:11'),(28,'PO Box 2315 ','Salem','97308 ',37,'2011-12-01 22:57:12','2011-12-01 22:57:29'),(29,'PO Box 639','Longview','',47,'2011-12-01 22:59:01','2011-12-01 22:59:01'),(30,'1717 Marine View Drive','Tacoma','98422',47,'2011-12-01 22:59:49','2011-12-01 22:59:49'),(31,'4515 NE Elliott Circle','Corvallis','97330',37,'2011-12-01 23:00:46','2011-12-01 23:00:46'),(32,'PO Box 1656','Battle Ground','98604',47,'2011-12-01 23:03:45','2011-12-01 23:03:45'),(33,'PO Box 8','Carson','98610',47,'2011-12-01 23:05:08','2011-12-01 23:05:08'),(34,'','','',0,'2011-12-01 23:08:27','2011-12-01 23:08:27'),(35,'','','',0,'2011-12-01 23:08:39','2011-12-01 23:08:39'),(36,'','','',0,'2011-12-01 23:08:53','2011-12-01 23:08:53'),(37,'','','',0,'2011-12-01 23:09:06','2011-12-01 23:09:06'),(38,'','','',0,'2011-12-01 23:09:32','2011-12-01 23:09:32'),(39,'','','',0,'2011-12-01 23:26:42','2011-12-01 23:26:42'),(40,'','','',0,'2011-12-01 23:27:07','2011-12-01 23:27:07'),(41,'PO Box 7002 ','Eugene','541.342.6007 ',37,'2011-12-01 23:34:01','2011-12-01 23:36:32'),(42,'PO Box 2268','Shelton','98585',47,'2011-12-01 23:35:48','2011-12-01 23:35:48'),(43,'19104 NE Cedar Creek Rd','Amboy','98601',47,'2011-12-09 20:34:11','2011-12-09 20:34:11'),(44,'19104 NE Cedar Creek Rd','Amboy','98601',47,'2011-12-09 20:36:00','2011-12-09 20:36:00'),(45,'21214 NE 252nd Ave.','Battle Ground','98604',47,'2011-12-12 20:05:35','2011-12-12 20:05:35'),(46,' 1904 SE 6th Place','Battle Ground','98604',47,'2011-12-12 20:07:17','2011-12-12 20:08:06'),(47,'21209 NE 87th Ave.','Battle Ground','98604',47,'2011-12-12 20:11:28','2011-12-12 20:11:28');
/*!40000 ALTER TABLE `addresses` ENABLE KEYS */;
UNLOCK TABLES;

--
-- Table structure for table `contact_people`
--

DROP TABLE IF EXISTS `contact_people`;
/*!40101 SET @saved_cs_client     = @@character_set_client */;
/*!40101 SET character_set_client = utf8 */;
CREATE TABLE `contact_people` (
  `id` int(11) NOT NULL AUTO_INCREMENT,
  `name` varchar(255) COLLATE utf8_unicode_ci DEFAULT NULL,
  `phone_number` varchar(255) COLLATE utf8_unicode_ci DEFAULT NULL,
  `email` varchar(255) COLLATE utf8_unicode_ci DEFAULT NULL,
  `created_at` datetime DEFAULT NULL,
  `updated_at` datetime DEFAULT NULL,
  PRIMARY KEY (`id`)
) ENGINE=InnoDB AUTO_INCREMENT=48 DEFAULT CHARSET=utf8 COLLATE=utf8_unicode_ci;
/*!40101 SET character_set_client = @saved_cs_client */;

--
-- Dumping data for table `contact_people`
--

LOCK TABLES `contact_people` WRITE;
/*!40000 ALTER TABLE `contact_people` DISABLE KEYS */;
INSERT INTO `contact_people` VALUES (1,'','','','2011-10-14 21:09:15','2011-10-14 21:09:15'),(2,'','','','2011-10-14 21:09:26','2011-10-14 21:09:26'),(3,'','','','2011-10-14 21:10:00','2011-10-14 21:10:00'),(4,' ',' ',' ','2011-10-14 21:11:02','2011-10-14 21:11:08'),(5,'Kay Wagner','','','2011-10-14 22:46:15','2011-10-14 22:46:15'),(6,'Scott Levanen','360-606-0729','','2011-10-14 22:47:23','2011-10-14 22:47:51'),(7,'  ','  ','  ','2011-10-19 01:55:52','2011-11-09 20:49:47'),(8,'','','','2011-10-19 01:56:20','2011-10-19 01:56:20'),(9,'Jan','','','2011-10-20 22:10:09','2011-10-20 22:10:09'),(10,'','','','2011-10-20 22:35:53','2011-10-20 22:35:53'),(11,'','','','2011-10-20 23:01:26','2011-10-20 23:01:26'),(12,'','','','2011-10-20 23:02:50','2011-10-20 23:02:50'),(13,'','360.673.5613','','2011-11-09 19:52:54','2011-12-01 23:41:20'),(14,'Mike Cocklin','503-396-0832','','2011-11-28 17:52:43','2011-11-28 17:52:43'),(15,'Ken Maurer','360-430-2643','','2011-11-29 00:27:34','2011-11-29 00:27:34'),(16,'Larry Hills','253.851.0845','n7kia@comcast.net','2011-12-01 22:18:48','2011-12-19 18:38:13'),(17,'','','','2011-12-01 22:18:53','2011-12-01 22:18:53'),(18,'Larry Hills','206.755.1295','n7kia@comcast.net','2011-12-01 22:19:46','2011-12-01 22:19:46'),(19,'Larry Hills','206.755.1295','n7kia@comcast.net','2011-12-01 22:19:53','2011-12-01 22:19:53'),(20,'Larry Hills','206.755.1295','n7kia@comcast.net','2011-12-01 22:20:06','2011-12-01 22:20:06'),(21,'','','','2011-12-01 22:33:47','2011-12-01 22:33:47'),(22,'','360.496.6777','','2011-12-01 22:34:13','2011-12-01 22:35:15'),(23,'','503.728.2166','','2011-12-01 22:41:52','2011-12-01 22:41:52'),(24,'','','','2011-12-01 22:50:33','2011-12-01 22:50:33'),(25,'','360.978.6098','','2011-12-01 22:53:05','2011-12-01 22:53:05'),(26,'','','','2011-12-01 22:53:55','2011-12-01 22:53:55'),(27,'','541.485.1500','','2011-12-01 22:55:22','2011-12-01 22:56:11'),(28,'','503.365.8400','','2011-12-01 22:57:12','2011-12-01 22:57:29'),(29,'','360.430.8080','','2011-12-01 22:59:01','2011-12-01 22:59:01'),(30,'','253.572.6252','','2011-12-01 22:59:49','2011-12-01 22:59:49'),(31,'','541.752.0122','','2011-12-01 23:00:46','2011-12-01 23:00:46'),(32,'','','','2011-12-01 23:03:45','2011-12-01 23:03:45'),(33,'','509.427.8413','','2011-12-01 23:05:08','2011-12-01 23:05:08'),(34,'','','','2011-12-01 23:08:27','2011-12-01 23:08:27'),(35,'','','','2011-12-01 23:08:39','2011-12-01 23:08:39'),(36,'','','','2011-12-01 23:08:53','2011-12-01 23:08:53'),(37,'','','','2011-12-01 23:09:06','2011-12-01 23:09:06'),(38,'','','','2011-12-01 23:09:32','2011-12-01 23:09:32'),(39,'','','','2011-12-01 23:26:42','2011-12-01 23:26:42'),(40,'','','','2011-12-01 23:27:07','2011-12-01 23:27:07'),(41,'','541.342.6007','services@crls.com','2011-12-01 23:34:01','2011-12-01 23:36:32'),(42,'','360.790.7934','','2011-12-01 23:35:48','2011-12-01 23:35:48'),(43,'Calvin Heidegger','','','2011-12-09 20:34:11','2011-12-09 20:34:11'),(44,'Calvin Heidegger','','','2011-12-09 20:36:00','2011-12-09 20:36:00'),(45,'Steve Dietel','360.687.4876','','2011-12-12 20:05:35','2011-12-12 20:05:35'),(46,'Norvelle McDaniels','360.687.1148','','2011-12-12 20:07:17','2011-12-12 20:07:17'),(47,'Paul Karvonen','(360) 666-8572','','2011-12-12 20:11:28','2011-12-12 20:11:28');
/*!40000 ALTER TABLE `contact_people` ENABLE KEYS */;
UNLOCK TABLES;

--
-- Table structure for table `destinations`
--

DROP TABLE IF EXISTS `destinations`;
/*!40101 SET @saved_cs_client     = @@character_set_client */;
/*!40101 SET character_set_client = utf8 */;
CREATE TABLE `destinations` (
  `id` int(11) NOT NULL AUTO_INCREMENT,
  `address_id` int(11) DEFAULT NULL,
  `contact_person_id` int(11) DEFAULT NULL,
  `accepted_load_type` varchar(255) COLLATE utf8_unicode_ci DEFAULT NULL,
  `name` varchar(255) COLLATE utf8_unicode_ci DEFAULT NULL,
  `created_at` datetime DEFAULT NULL,
  `updated_at` datetime DEFAULT NULL,
  PRIMARY KEY (`id`)
) ENGINE=InnoDB AUTO_INCREMENT=32 DEFAULT CHARSET=utf8 COLLATE=utf8_unicode_ci;
/*!40101 SET character_set_client = @saved_cs_client */;

--
-- Dumping data for table `destinations`
--

LOCK TABLES `destinations` WRITE;
/*!40000 ALTER TABLE `destinations` DISABLE KEYS */;
INSERT INTO `destinations` VALUES (1,4,4,NULL,'Test Sawmill','2011-10-14 21:11:02','2011-10-14 21:11:02'),(2,7,7,NULL,'Simpson Tonnage Longview','2011-10-19 01:55:52','2011-10-19 01:55:52'),(3,8,8,NULL,'Simpson MBF Longview','2011-10-19 01:56:20','2011-10-19 01:56:20'),(4,9,9,NULL,'NW Hardwoods','2011-10-20 22:10:10','2011-10-20 22:10:10'),(5,10,10,NULL,'Weyerhaeuser Export','2011-10-20 22:35:53','2011-10-20 22:35:53'),(6,11,11,NULL,'DR Johnson','2011-10-20 23:01:27','2011-10-20 23:01:27'),(7,12,12,NULL,'Pacific Fibre ','2011-10-20 23:02:50','2011-10-20 23:02:50'),(8,13,13,NULL,'RSG','2011-11-09 19:52:54','2011-11-09 19:52:54'),(9,15,15,NULL,'Gram Lumber','2011-11-29 00:27:34','2011-11-29 00:27:34'),(10,21,21,NULL,'Merril and Ring','2011-12-01 22:33:48','2011-12-01 22:33:48'),(11,22,22,NULL,'TMI Forest Products','2011-12-01 22:34:13','2011-12-01 22:34:13'),(12,23,23,NULL,'Stimson Lumber Company','2011-12-01 22:41:52','2011-12-01 22:41:52'),(13,24,24,NULL,'Formark ','2011-12-01 22:50:33','2011-12-01 22:50:33'),(14,25,25,NULL,'Butteville Lumber','2011-12-01 22:53:05','2011-12-01 22:53:05'),(15,26,26,NULL,'Cascade Hardwood','2011-12-01 22:53:55','2011-12-01 22:53:55'),(16,27,27,NULL,'Guistina ','2011-12-01 22:55:22','2011-12-01 22:55:22'),(17,28,28,NULL,'Hampton/Warrenton','2011-12-01 22:57:12','2011-12-01 22:57:12'),(18,29,29,NULL,'Longview Fibre Deep River','2011-12-01 22:59:01','2011-12-01 22:59:01'),(19,30,30,NULL,'Manke Lumber','2011-12-01 22:59:49','2011-12-01 22:59:49'),(20,31,31,NULL,'Mary\'s River Lumber Co.','2011-12-01 23:00:46','2011-12-01 23:00:46'),(21,32,32,NULL,'Firewood Guys','2011-12-01 23:03:45','2011-12-01 23:03:45'),(22,33,33,NULL,'WKO ','2011-12-01 23:05:08','2011-12-01 23:05:08'),(23,34,34,NULL,'Specialty Chest','2011-12-01 23:08:27','2011-12-01 23:08:27'),(24,35,35,NULL,'South Fork Hardwoods','2011-12-01 23:08:39','2011-12-01 23:08:39'),(25,36,36,NULL,'Tapani Underground','2011-12-01 23:08:53','2011-12-01 23:08:53'),(26,37,37,NULL,'Dan Kysar','2011-12-01 23:09:06','2011-12-01 23:09:06'),(27,38,38,NULL,'Westerlund','2011-12-01 23:09:32','2011-12-01 23:09:32'),(28,39,39,NULL,'Derek Morel','2011-12-01 23:26:42','2011-12-01 23:26:42'),(29,40,40,NULL,'Willis Enterprises','2011-12-01 23:27:07','2011-12-01 23:27:07'),(30,41,41,NULL,'PLS Longview','2011-12-01 23:34:01','2011-12-01 23:34:01'),(31,42,42,NULL,'Rainestree','2011-12-01 23:35:48','2011-12-01 23:35:48');
/*!40000 ALTER TABLE `destinations` ENABLE KEYS */;
UNLOCK TABLES;

--
-- Table structure for table `jobs`
--

DROP TABLE IF EXISTS `jobs`;
/*!40101 SET @saved_cs_client     = @@character_set_client */;
/*!40101 SET character_set_client = utf8 */;
CREATE TABLE `jobs` (
  `id` int(11) NOT NULL AUTO_INCREMENT,
  `name` varchar(255) COLLATE utf8_unicode_ci DEFAULT NULL,
  `owner_id` varchar(255) COLLATE utf8_unicode_ci DEFAULT NULL,
  `hfi_rate` float DEFAULT NULL,
  `hfi_prime` tinyint(1) DEFAULT NULL,
  `ticket_range_from` int(11) DEFAULT NULL,
  `ticket_range_to` int(11) DEFAULT NULL,
  `created_at` datetime DEFAULT NULL,
  `updated_at` datetime DEFAULT NULL,
  PRIMARY KEY (`id`)
) ENGINE=InnoDB AUTO_INCREMENT=7 DEFAULT CHARSET=utf8 COLLATE=utf8_unicode_ci;
/*!40101 SET character_set_client = @saved_cs_client */;

--
-- Dumping data for table `jobs`
--

LOCK TABLES `jobs` WRITE;
/*!40000 ALTER TABLE `jobs` DISABLE KEYS */;
INSERT INTO `jobs` VALUES (1,'Test Job','1',90,1,NULL,NULL,'2011-10-14 21:10:20','2011-10-14 21:10:20'),(2,'Wagner Trust','2',7,1,NULL,NULL,'2011-10-19 01:59:50','2011-10-19 01:59:50'),(3,'Cocklin','3',8,1,NULL,NULL,'2011-11-28 17:58:00','2011-11-28 17:58:00'),(4,'West Meyers','4',0,1,NULL,NULL,'2011-12-01 22:22:27','2011-12-01 22:22:27'),(5,'Calvin Heidegger','9',1,1,NULL,NULL,'2011-12-09 20:36:45','2011-12-09 20:36:45'),(6,'Dietel','10',4,1,NULL,NULL,'2011-12-12 20:12:34','2011-12-12 20:12:34');
/*!40000 ALTER TABLE `jobs` ENABLE KEYS */;
UNLOCK TABLES;

--
-- Table structure for table `load_details`
--

DROP TABLE IF EXISTS `load_details`;
/*!40101 SET @saved_cs_client     = @@character_set_client */;
/*!40101 SET character_set_client = utf8 */;
CREATE TABLE `load_details` (
  `id` int(11) NOT NULL AUTO_INCREMENT,
  `ticket_id` int(11) DEFAULT NULL,
  `species_id` int(11) DEFAULT NULL,
  `tonnage` float DEFAULT NULL,
  `mbfs` float DEFAULT NULL,
  `created_at` datetime DEFAULT NULL,
  `updated_at` datetime DEFAULT NULL,
  PRIMARY KEY (`id`)
) ENGINE=InnoDB AUTO_INCREMENT=185 DEFAULT CHARSET=utf8 COLLATE=utf8_unicode_ci;
/*!40101 SET character_set_client = @saved_cs_client */;

--
-- Dumping data for table `load_details`
--

LOCK TABLES `load_details` WRITE;
/*!40000 ALTER TABLE `load_details` DISABLE KEYS */;
INSERT INTO `load_details` VALUES (5,5,4,0,3.61,'2011-10-21 02:35:09','2011-11-10 21:22:19'),(6,6,4,23.28,3.13,'2011-10-21 02:36:35','2011-10-21 02:36:35'),(7,7,4,32.07,4.02,'2011-10-21 02:37:29','2011-10-21 02:37:29'),(8,8,4,30.01,3.85,'2011-10-21 02:38:27','2011-10-21 02:38:27'),(9,9,4,29.58,4.11,'2011-10-21 02:39:26','2011-10-21 02:39:26'),(10,10,4,26.73,3.57,'2011-10-21 02:40:29','2011-10-21 02:40:29'),(11,11,4,26.3,3.56,'2011-10-21 02:42:48','2011-10-21 02:42:48'),(12,12,4,30.58,4.37,'2011-10-21 02:44:17','2011-10-21 02:44:17'),(13,13,4,23.4,3.03,'2011-10-21 02:51:10','2011-10-21 02:51:10'),(14,14,4,23.4,3.3,'2011-10-21 02:52:24','2011-10-21 02:52:24'),(15,15,4,26.4,3.46,'2011-10-21 02:53:44','2011-10-21 02:53:44'),(16,16,4,26.61,3.58,'2011-10-21 02:55:21','2011-10-21 02:55:21'),(17,17,4,24.15,3.2,'2011-10-21 03:02:00','2011-10-21 03:02:00'),(18,18,4,30.5,4.58,'2011-10-21 03:03:11','2011-10-21 03:03:11'),(19,19,4,28.81,4.17,'2011-10-21 03:04:27','2011-10-21 03:04:27'),(20,20,4,24.48,3.45,'2011-10-21 03:05:16','2011-10-21 03:05:16'),(21,21,4,26.52,3.48,'2011-10-21 03:06:17','2011-10-21 03:06:17'),(22,22,0,15.64,NULL,'2011-10-24 00:00:30','2011-10-24 00:00:30'),(23,23,0,14.93,NULL,'2011-10-24 00:03:20','2011-10-24 00:03:20'),(24,24,0,30.11,NULL,'2011-10-24 00:03:48','2011-10-24 00:03:48'),(25,25,1,26.16,0,'2011-10-24 02:41:57','2011-10-24 02:41:57'),(26,26,1,26.43,0,'2011-10-24 02:42:29','2011-10-24 02:42:29'),(27,27,1,28.53,0,'2011-10-24 02:43:03','2011-10-24 02:43:03'),(28,28,1,26.69,0,'2011-10-24 02:44:29','2011-10-24 02:44:29'),(29,29,1,26.27,0,'2011-10-24 02:45:16','2011-10-24 02:45:16'),(30,30,1,28.13,4.94,'2011-10-24 03:32:06','2011-10-24 03:32:06'),(31,31,1,26.47,5.2,'2011-10-24 03:36:32','2011-10-24 03:36:32'),(33,33,1,26.06,4.87,'2011-10-24 03:38:10','2011-10-24 03:38:10'),(34,34,1,26.8,4.64,'2011-10-24 03:38:53','2011-10-24 03:38:53'),(35,35,1,26.73,4.9,'2011-10-24 03:39:36','2011-10-24 03:39:36'),(36,36,1,27.86,4.82,'2011-10-24 03:45:41','2011-10-24 03:45:41'),(37,37,1,28.16,4.45,'2011-10-24 03:46:23','2011-10-24 03:46:23'),(38,38,1,26.5,4.08,'2011-10-24 03:47:11','2011-10-24 03:47:11'),(39,39,1,26.17,4.56,'2011-10-24 03:49:29','2011-10-24 03:49:29'),(41,41,1,26.25,4.87,'2011-10-25 22:46:45','2011-10-25 22:46:45'),(42,42,4,26.71,3.27,'2011-10-28 00:01:47','2011-10-28 00:01:47'),(43,43,4,26.81,3.44,'2011-10-28 00:02:31','2011-10-28 00:02:31'),(44,44,4,28.52,3.84,'2011-10-28 00:04:33','2011-10-28 00:04:33'),(45,45,4,30.41,4.14,'2011-10-28 00:05:43','2011-10-28 00:05:43'),(46,46,4,26.1,3.34,'2011-10-28 00:06:29','2011-10-28 00:06:29'),(47,47,4,24.92,3.53,'2011-10-28 00:07:12','2011-10-28 00:07:12'),(48,48,4,26.53,3.46,'2011-10-28 00:08:01','2011-10-28 00:08:01'),(49,49,4,27.17,3.64,'2011-10-28 00:09:33','2011-10-28 00:09:33'),(50,50,4,15.12,2.08,'2011-10-28 00:10:48','2011-10-28 00:10:48'),(51,51,4,15.78,2.24,'2011-10-28 00:11:31','2011-10-28 00:11:31'),(52,52,4,26.48,3.69,'2011-10-28 00:12:17','2011-10-28 00:12:17'),(53,53,4,14.91,1.89,'2011-10-28 00:16:21','2011-10-28 00:16:21'),(54,54,4,26.43,3.75,'2011-10-28 00:17:05','2011-10-28 00:17:05'),(55,55,4,24.89,3.25,'2011-10-28 00:21:24','2011-10-28 00:21:24'),(56,56,4,30.73,4.7,'2011-10-28 00:22:14','2011-10-28 00:22:14'),(57,57,4,25.8,3.46,'2011-10-28 00:22:54','2011-10-28 00:22:54'),(58,58,0,31.02,NULL,'2011-10-31 01:14:09','2011-10-31 01:14:09'),(59,59,0,14.85,NULL,'2011-10-31 01:14:37','2011-10-31 01:14:37'),(60,60,0,15.12,NULL,'2011-10-31 01:15:00','2011-10-31 01:15:00'),(61,61,0,31.18,NULL,'2011-10-31 01:15:25','2011-10-31 01:15:25'),(62,62,0,23.55,NULL,'2011-10-31 01:15:53','2011-10-31 01:15:53'),(63,63,0,15.36,NULL,'2011-10-31 01:16:35','2011-10-31 01:16:35'),(64,64,0,15.5,NULL,'2011-10-31 01:17:11','2011-10-31 01:17:11'),(65,65,0,30.85,NULL,'2011-10-31 01:17:43','2011-10-31 01:17:43'),(66,66,0,30.65,NULL,'2011-10-31 01:18:18','2011-10-31 01:18:18'),(67,67,0,15.48,NULL,'2011-10-31 01:18:47','2011-10-31 01:18:47'),(68,68,0,15.75,NULL,'2011-10-31 01:19:16','2011-10-31 01:19:16'),(69,69,0,30.71,NULL,'2011-10-31 01:19:40','2011-10-31 01:19:40'),(71,71,2,28.25,4.24,'2011-11-01 02:23:10','2011-11-01 02:23:10'),(72,72,1,26.81,4.63,'2011-11-01 02:23:47','2011-11-01 02:23:47'),(73,73,1,26.1,5.12,'2011-11-01 02:27:40','2011-11-01 02:27:40'),(74,74,1,26.6,5.29,'2011-11-01 02:29:48','2011-11-01 02:29:48'),(75,75,1,27.77,4.64,'2011-11-01 02:30:30','2011-11-01 02:30:30'),(76,76,1,27.12,4.35,'2011-11-01 02:33:43','2011-11-01 02:33:43'),(77,77,1,27.05,4.9,'2011-11-01 02:41:29','2011-11-01 02:41:29'),(78,78,1,0,5.13,'2011-11-01 02:44:41','2011-11-03 01:07:21'),(79,79,1,28.13,5.49,'2011-11-01 02:48:36','2011-11-01 02:48:36'),(80,80,1,28.43,4.87,'2011-11-01 02:59:38','2011-11-01 02:59:38'),(81,81,1,0,4.17,'2011-11-01 03:00:39','2011-11-03 01:14:00'),(82,82,1,26.96,4.65,'2011-11-03 03:51:49','2011-11-03 03:51:49'),(83,83,1,26.56,4.8,'2011-11-03 03:56:46','2011-11-03 03:56:46'),(84,84,1,27.78,5.59,'2011-11-03 04:13:38','2011-11-03 04:13:38'),(85,85,1,27.78,5.59,'2011-11-03 04:19:11','2011-11-03 04:19:11'),(86,86,1,26.2,4.78,'2011-11-03 04:20:05','2011-11-03 04:20:05'),(87,87,1,4.46,26.26,'2011-11-03 04:21:05','2011-11-03 04:21:05'),(88,88,1,28.03,5.06,'2011-11-03 04:25:01','2011-11-03 04:25:01'),(89,89,4,0,3.52,'2011-11-04 01:56:19','2011-11-04 02:11:26'),(90,90,0,15.21,NULL,'2011-11-09 19:42:34','2011-11-09 19:42:34'),(91,91,0,15.34,NULL,'2011-11-09 19:42:56','2011-11-09 19:42:56'),(92,92,0,30.75,NULL,'2011-11-09 19:43:26','2011-11-09 19:43:26'),(93,93,0,15.35,NULL,'2011-11-09 19:43:52','2011-11-09 19:43:52'),(94,94,0,15.67,NULL,'2011-11-09 19:44:31','2011-11-09 19:44:31'),(95,95,0,31.27,NULL,'2011-11-09 19:44:54','2011-11-09 19:44:54'),(96,96,0,30.85,NULL,'2011-11-09 19:45:18','2011-11-09 19:45:18'),(97,97,0,15.87,NULL,'2011-11-09 19:45:38','2011-11-09 19:45:38'),(98,98,0,15.07,NULL,'2011-11-09 19:45:54','2011-11-09 19:45:54'),(99,99,0,30.64,NULL,'2011-11-09 19:46:11','2011-11-09 19:46:11'),(100,100,0,30.3,NULL,'2011-11-09 19:46:30','2011-11-09 19:46:30'),(101,101,2,0,0,'2011-11-09 19:47:10','2011-11-09 19:47:10'),(102,102,1,0,0,'2011-11-09 19:47:37','2011-11-09 19:47:37'),(103,103,1,0,0,'2011-11-09 19:48:26','2011-11-09 19:48:26'),(104,104,4,25.65,3.55,'2011-11-10 21:08:26','2011-11-10 21:08:26'),(105,105,4,29.78,4.34,'2011-11-10 21:09:29','2011-11-10 21:09:29'),(106,106,4,25.88,3.89,'2011-11-10 21:10:05','2011-11-10 21:10:05'),(107,107,4,30.58,4.49,'2011-11-10 21:10:41','2011-11-10 21:10:41'),(108,108,1,0,0,'2011-11-10 21:17:53','2011-11-10 21:17:53'),(109,109,1,0,5.13,'2011-11-14 17:34:55','2011-11-14 17:34:55'),(110,110,1,0,4.66,'2011-11-14 17:35:27','2011-11-14 17:35:27'),(111,111,1,0,4.13,'2011-11-14 17:36:03','2011-11-14 17:36:03'),(112,112,1,0,5.25,'2011-11-14 17:36:32','2011-11-14 17:36:32'),(113,113,1,0,4.76,'2011-11-14 17:37:12','2011-11-14 17:37:12'),(114,114,1,0,4.44,'2011-11-14 17:37:41','2011-11-14 17:37:41'),(115,115,1,0,4.44,'2011-11-14 17:38:10','2011-11-14 17:38:10'),(116,116,1,0,4.24,'2011-11-14 17:38:37','2011-11-14 17:38:37'),(117,117,1,0,2.31,'2011-11-14 17:39:09','2011-11-14 17:39:09'),(118,118,1,0,2.51,'2011-11-14 17:39:39','2011-11-14 17:39:39'),(119,119,1,0,4.48,'2011-11-14 17:46:06','2011-11-14 17:46:06'),(120,120,0,30.95,NULL,'2011-11-14 17:49:02','2011-11-14 17:49:02'),(121,121,0,31.2,NULL,'2011-11-14 17:49:40','2011-11-14 17:49:40'),(122,122,0,30.87,NULL,'2011-11-14 17:50:38','2011-11-14 17:50:38'),(123,123,0,29.62,NULL,'2011-11-21 18:08:07','2011-11-21 18:08:07'),(124,124,0,15.14,NULL,'2011-11-21 18:08:34','2011-11-21 18:08:34'),(125,125,0,31.1,NULL,'2011-11-21 18:09:05','2011-11-21 18:09:05'),(126,126,0,29.69,NULL,'2011-11-21 18:09:33','2011-11-21 18:09:33'),(127,127,1,0,5.52,'2011-11-28 23:23:27','2011-11-28 23:23:27'),(128,128,1,0,4.9,'2011-11-28 23:24:02','2011-11-28 23:24:02'),(129,129,1,0,4.72,'2011-11-28 23:25:04','2011-11-28 23:25:04'),(130,130,1,0,5.07,'2011-11-28 23:26:13','2011-11-28 23:26:13'),(131,131,1,0,4.96,'2011-11-28 23:26:46','2011-11-28 23:26:46'),(132,132,1,0,5.09,'2011-11-28 23:27:20','2011-11-28 23:27:20'),(133,133,1,0,4.83,'2011-11-28 23:28:04','2011-11-28 23:28:04'),(134,134,1,26.5,5.38,'2011-11-29 18:04:59','2011-11-29 18:04:59'),(135,135,1,28.91,6.27,'2011-11-29 18:05:35','2011-11-29 18:05:35'),(136,136,3,0,4.54,'2011-11-30 21:41:04','2011-11-30 21:41:04'),(137,137,1,NULL,4.97,'2011-11-30 22:05:40','2011-11-30 22:05:40'),(138,138,1,0,4.92,'2011-11-30 22:06:52','2011-11-30 22:06:52'),(139,139,1,0,3.58,'2011-11-30 22:07:55','2011-11-30 22:07:55'),(140,140,1,26.13,3.48,'2011-12-08 13:51:53','2011-12-08 13:51:53'),(141,141,1,28.73,3.83,'2011-12-08 13:55:46','2011-12-08 13:55:46'),(142,142,1,26.09,3.48,'2011-12-08 13:57:15','2011-12-08 13:57:15'),(143,143,1,26.34,3.51,'2011-12-08 13:59:54','2011-12-08 13:59:54'),(144,144,1,26.15,3.49,'2011-12-08 14:02:08','2011-12-08 14:02:08'),(145,145,1,26.23,3.4,'2011-12-12 15:09:58','2011-12-12 15:09:58'),(146,146,1,26.09,4.6,'2011-12-12 15:10:46','2011-12-12 15:10:46'),(147,147,1,25.84,5.19,'2011-12-12 15:11:40','2011-12-12 15:11:40'),(148,148,0,29.14,NULL,'2011-12-12 15:33:00','2011-12-12 15:33:00'),(149,149,1,0,3.81,'2011-12-12 16:00:38','2011-12-12 16:00:38'),(150,150,1,0,5.04,'2011-12-12 16:01:56','2011-12-12 16:01:56'),(151,151,1,NULL,3.66,'2011-12-12 16:09:35','2011-12-12 16:09:35'),(152,152,3,0,5.7,'2011-12-12 17:14:50','2011-12-12 17:14:50'),(153,153,3,0,3.44,'2011-12-12 19:49:25','2011-12-12 19:49:25'),(154,154,3,0,4.02,'2011-12-12 19:50:30','2011-12-12 19:50:30'),(155,155,3,0,3.47,'2011-12-12 19:51:55','2011-12-12 19:51:55'),(156,156,3,0,9.12,'2011-12-12 20:44:28','2011-12-12 20:44:28'),(157,157,1,0,13.27,'2011-12-12 20:49:44','2011-12-12 20:49:44'),(158,158,1,0,3.66,'2011-12-12 21:07:09','2011-12-12 21:07:09'),(159,159,1,0,3.81,'2011-12-12 21:08:53','2011-12-12 21:08:53'),(160,160,1,0,5.04,'2011-12-12 21:09:30','2011-12-12 21:09:30'),(161,161,3,0,3.99,'2011-12-12 21:11:35','2011-12-14 19:18:52'),(162,162,3,0,4.45,'2011-12-12 21:14:35','2011-12-14 19:18:10'),(163,163,1,0,4.82,'2011-12-12 21:19:54','2011-12-12 21:19:54'),(164,164,1,0,4.36,'2011-12-12 21:22:10','2011-12-12 21:22:10'),(165,165,1,0,4.21,'2011-12-12 21:23:02','2011-12-12 21:23:02'),(166,166,1,0,4.06,'2011-12-12 21:23:42','2011-12-12 21:23:42'),(167,167,1,0,3.99,'2011-12-12 21:25:32','2011-12-12 21:25:32'),(168,168,1,0,3.11,'2011-12-12 21:27:50','2011-12-12 21:27:50'),(169,169,1,0,4.57,'2011-12-12 21:28:31','2011-12-12 21:28:31'),(170,170,1,28.49,4.83,'2011-12-13 15:38:48','2011-12-13 15:38:48'),(171,171,1,30.77,5.7,'2011-12-13 15:39:28','2011-12-13 15:39:28'),(172,172,1,29.94,5.4,'2011-12-13 15:40:03','2011-12-13 15:40:03'),(173,173,1,30.58,5.84,'2011-12-13 15:41:13','2011-12-13 15:41:13'),(174,174,1,12.5,1.67,'2011-12-14 14:11:15','2011-12-14 14:11:15'),(175,175,1,30,4,'2011-12-14 14:11:35','2011-12-14 14:11:35'),(176,176,1,3.35,3.81,'2011-12-20 21:26:10','2011-12-20 22:18:09'),(177,177,1,0,4.04,'2011-12-20 21:36:38','2011-12-20 22:02:12'),(178,178,1,27.9,3.72,'2011-12-20 21:41:31','2011-12-20 21:41:31'),(179,179,1,26.71,3.58,'2011-12-20 21:44:17','2011-12-20 22:04:45'),(180,180,1,0,25.99,'2011-12-20 21:50:24','2011-12-20 21:50:24'),(181,181,1,0,3.05,'2011-12-20 22:00:00','2011-12-20 22:00:00'),(182,182,1,0,3.6,'2011-12-20 22:00:39','2011-12-20 22:00:39'),(183,183,1,15.77,2.1,'2011-12-20 22:14:38','2011-12-20 22:14:38'),(184,184,0,29.14,NULL,'2011-12-22 00:51:51','2011-12-22 00:51:51');
/*!40000 ALTER TABLE `load_details` ENABLE KEYS */;
UNLOCK TABLES;

--
-- Table structure for table `logger_assignments`
--

DROP TABLE IF EXISTS `logger_assignments`;
/*!40101 SET @saved_cs_client     = @@character_set_client */;
/*!40101 SET character_set_client = utf8 */;
CREATE TABLE `logger_assignments` (
  `id` int(11) NOT NULL AUTO_INCREMENT,
  `job_id` int(11) DEFAULT NULL,
  `partner_id` int(11) DEFAULT NULL,
  `pays_to_trucker` tinyint(1) DEFAULT NULL,
  `created_at` datetime DEFAULT NULL,
  `updated_at` datetime DEFAULT NULL,
  PRIMARY KEY (`id`)
) ENGINE=InnoDB AUTO_INCREMENT=7 DEFAULT CHARSET=utf8 COLLATE=utf8_unicode_ci;
/*!40101 SET character_set_client = @saved_cs_client */;

--
-- Dumping data for table `logger_assignments`
--

LOCK TABLES `logger_assignments` WRITE;
/*!40000 ALTER TABLE `logger_assignments` DISABLE KEYS */;
INSERT INTO `logger_assignments` VALUES (1,1,1,0,'2011-10-14 21:10:20','2011-10-14 21:10:20'),(2,2,3,0,'2011-10-19 01:59:50','2011-10-19 01:59:50'),(3,3,3,0,'2011-11-28 17:58:00','2011-11-28 17:58:00'),(4,4,3,0,'2011-12-01 22:22:27','2011-12-01 22:22:27'),(5,5,4,0,'2011-12-09 20:36:45','2011-12-09 20:36:45'),(6,6,6,0,'2011-12-12 20:12:34','2011-12-12 20:12:34');
/*!40000 ALTER TABLE `logger_assignments` ENABLE KEYS */;
UNLOCK TABLES;

--
-- Table structure for table `logger_rates`
--

DROP TABLE IF EXISTS `logger_rates`;
/*!40101 SET @saved_cs_client     = @@character_set_client */;
/*!40101 SET character_set_client = utf8 */;
CREATE TABLE `logger_rates` (
  `id` int(11) NOT NULL AUTO_INCREMENT,
  `destination_id` int(11) DEFAULT NULL,
  `job_id` int(11) DEFAULT NULL,
  `partner_id` int(11) DEFAULT NULL,
  `receipt_id` int(11) DEFAULT NULL,
  `rate_type` varchar(255) COLLATE utf8_unicode_ci DEFAULT NULL,
  `created_at` datetime DEFAULT NULL,
  `updated_at` datetime DEFAULT NULL,
  `rate` decimal(8,2) DEFAULT NULL,
  PRIMARY KEY (`id`)
) ENGINE=InnoDB AUTO_INCREMENT=20 DEFAULT CHARSET=utf8 COLLATE=utf8_unicode_ci;
/*!40101 SET character_set_client = @saved_cs_client */;

--
-- Dumping data for table `logger_rates`
--

LOCK TABLES `logger_rates` WRITE;
/*!40000 ALTER TABLE `logger_rates` DISABLE KEYS */;
INSERT INTO `logger_rates` VALUES (1,1,1,1,NULL,'MBF','2011-10-14 22:48:59','2011-12-01 04:55:22','100.00'),(2,4,2,3,NULL,'MBF','2011-10-20 22:40:35','2011-12-01 04:55:22','189.50'),(3,5,2,3,NULL,'MBF','2011-10-20 22:47:53','2011-12-01 04:55:22','189.50'),(4,2,2,3,NULL,'Tonnage','2011-10-20 22:48:45','2011-12-01 04:55:22','28.00'),(5,3,2,3,NULL,'MBF','2011-10-20 23:00:33','2011-12-01 04:55:22','189.50'),(6,6,2,3,NULL,'MBF','2011-10-20 23:02:11','2011-12-01 04:55:22','189.50'),(7,7,2,3,NULL,'Tonnage','2011-10-20 23:04:23','2011-12-01 04:55:22','28.00'),(8,7,1,1,NULL,'Tonnage','2011-10-25 22:09:16','2011-12-01 04:55:22','2.00'),(9,7,1,1,NULL,'MBF','2011-10-25 22:12:06','2011-12-01 04:55:22','0.00'),(10,1,1,1,NULL,'Tonnage','2011-10-25 22:13:29','2011-12-01 04:55:22','3.00'),(11,5,3,3,NULL,'MBF','2011-11-28 22:20:41','2011-12-01 04:55:22','192.00'),(12,2,3,3,NULL,'Tonnage','2011-11-28 22:21:17','2011-12-01 04:55:22','30.00'),(13,8,3,3,NULL,'MBF','2011-11-29 00:25:40','2011-12-01 04:55:22','192.00'),(14,9,3,3,NULL,'MBF','2011-11-29 00:28:07','2011-12-01 04:55:22','192.00'),(15,7,3,3,NULL,'Tonnage','2011-11-29 00:28:32','2011-12-22 00:47:48','30.00'),(16,6,3,3,NULL,'MBF','2011-11-29 00:28:58','2011-12-01 04:55:22','192.00'),(17,5,4,3,NULL,'MBF','2011-12-01 22:23:55','2011-12-01 22:23:55','185.00'),(18,7,4,3,NULL,'Tonnage','2011-12-01 22:24:20','2011-12-01 22:24:20','28.00'),(19,4,4,3,NULL,'MBF','2011-12-01 22:24:42','2011-12-01 22:24:42','185.00');
/*!40000 ALTER TABLE `logger_rates` ENABLE KEYS */;
UNLOCK TABLES;

--
-- Table structure for table `owners`
--

DROP TABLE IF EXISTS `owners`;
/*!40101 SET @saved_cs_client     = @@character_set_client */;
/*!40101 SET character_set_client = utf8 */;
CREATE TABLE `owners` (
  `id` int(11) NOT NULL AUTO_INCREMENT,
  `address_id` int(11) DEFAULT NULL,
  `contact_person_id` int(11) DEFAULT NULL,
  `name` varchar(255) COLLATE utf8_unicode_ci DEFAULT NULL,
  `created_at` datetime DEFAULT NULL,
  `updated_at` datetime DEFAULT NULL,
  PRIMARY KEY (`id`)
) ENGINE=InnoDB AUTO_INCREMENT=11 DEFAULT CHARSET=utf8 COLLATE=utf8_unicode_ci;
/*!40101 SET character_set_client = @saved_cs_client */;

--
-- Dumping data for table `owners`
--

LOCK TABLES `owners` WRITE;
/*!40000 ALTER TABLE `owners` DISABLE KEYS */;
INSERT INTO `owners` VALUES (1,3,3,'TestOwner','2011-10-14 21:10:00','2011-10-14 21:10:00'),(2,5,5,'Wagner Trust','2011-10-14 22:46:16','2011-10-14 22:46:16'),(3,14,14,'Mike Cocklin','2011-11-28 17:52:43','2011-11-28 17:52:43'),(4,16,16,'Rashford Tree Farm and Investment Company','2011-12-01 22:18:48','2011-12-01 22:18:48'),(9,44,44,'Calvin Heidegger','2011-12-09 20:36:00','2011-12-09 20:36:00'),(10,45,45,'Steve Dietel','2011-12-12 20:05:35','2011-12-12 20:05:35');
/*!40000 ALTER TABLE `owners` ENABLE KEYS */;
UNLOCK TABLES;

--
-- Table structure for table `partners`
--

DROP TABLE IF EXISTS `partners`;
/*!40101 SET @saved_cs_client     = @@character_set_client */;
/*!40101 SET character_set_client = utf8 */;
CREATE TABLE `partners` (
  `id` int(11) NOT NULL AUTO_INCREMENT,
  `address_id` int(11) DEFAULT NULL,
  `contact_person_id` int(11) DEFAULT NULL,
  `name` varchar(255) COLLATE utf8_unicode_ci DEFAULT NULL,
  `created_at` datetime DEFAULT NULL,
  `updated_at` datetime DEFAULT NULL,
  PRIMARY KEY (`id`)
) ENGINE=InnoDB AUTO_INCREMENT=7 DEFAULT CHARSET=utf8 COLLATE=utf8_unicode_ci;
/*!40101 SET character_set_client = @saved_cs_client */;

--
-- Dumping data for table `partners`
--

LOCK TABLES `partners` WRITE;
/*!40000 ALTER TABLE `partners` DISABLE KEYS */;
INSERT INTO `partners` VALUES (1,1,1,'TestTrucker','2011-10-14 21:09:15','2011-10-14 21:09:15'),(2,2,2,'TestLogger','2011-10-14 21:09:26','2011-10-14 21:09:26'),(3,6,6,'Levanen Inc','2011-10-14 22:47:23','2011-10-14 22:47:51'),(4,43,43,'Calvin Heidegger','2011-12-09 20:34:11','2011-12-09 20:34:11'),(5,46,46,'Tapani Underground','2011-12-12 20:07:17','2011-12-12 20:07:17'),(6,47,47,'Karvonen Trucking','2011-12-12 20:11:28','2011-12-12 20:11:28');
/*!40000 ALTER TABLE `partners` ENABLE KEYS */;
UNLOCK TABLES;

--
-- Table structure for table `payment_from_destinations`
--

DROP TABLE IF EXISTS `payment_from_destinations`;
/*!40101 SET @saved_cs_client     = @@character_set_client */;
/*!40101 SET character_set_client = utf8 */;
CREATE TABLE `payment_from_destinations` (
  `id` int(11) NOT NULL AUTO_INCREMENT,
  `destination_id` int(11) DEFAULT NULL,
  `job_id` int(11) DEFAULT NULL,
  `payment_date` date DEFAULT NULL,
  `payment_num` varchar(255) COLLATE utf8_unicode_ci DEFAULT NULL,
  `tonnage` float DEFAULT NULL,
  `tickets` int(11) DEFAULT NULL,
  `net_mbf` float DEFAULT NULL,
  `wood_type` int(11) DEFAULT NULL,
  `created_at` datetime DEFAULT NULL,
  `updated_at` datetime DEFAULT NULL,
  `total_payment` decimal(8,2) DEFAULT NULL,
  PRIMARY KEY (`id`)
) ENGINE=InnoDB AUTO_INCREMENT=52 DEFAULT CHARSET=utf8 COLLATE=utf8_unicode_ci;
/*!40101 SET character_set_client = @saved_cs_client */;

--
-- Dumping data for table `payment_from_destinations`
--

LOCK TABLES `payment_from_destinations` WRITE;
/*!40000 ALTER TABLE `payment_from_destinations` DISABLE KEYS */;
INSERT INTO `payment_from_destinations` VALUES (20,8,3,'2011-11-28','69350',NULL,2,8.12,1,'2011-12-01 21:22:06','2011-12-01 21:22:06','5501.00'),(21,8,3,'2011-11-28','97362',NULL,2,9.89,1,'2011-12-01 21:23:27','2011-12-01 21:23:27','3628.00'),(27,5,3,'2011-11-28','169139',NULL,7,35.09,2,'2011-12-08 19:24:43','2011-12-08 19:24:43','21077.50'),(28,2,3,'2011-12-08','20111120412',133.44,5,NULL,1,'2011-12-08 19:30:08','2011-12-08 19:30:08','9343.96'),(29,5,3,'2011-12-12','171279',78.16,3,13.89,2,'2011-12-12 15:16:00','2011-12-12 15:16:00','7909.30'),(30,7,3,'2011-12-12','05844',29.14,1,NULL,3,'2011-12-12 15:33:51','2011-12-12 15:33:51','1340.44'),(37,8,3,'2011-12-12','97362',NULL,1,3.66,1,'2011-12-12 21:06:33','2011-12-12 21:06:33','1730.75'),(38,8,3,'2011-11-28','97362',NULL,2,8.85,1,'2011-12-12 21:08:16','2011-12-12 21:08:16','4059.25'),(39,8,3,'2011-12-12','69350',NULL,2,9.12,1,'2011-12-12 21:12:35','2011-12-12 21:12:35','2334.60'),(40,8,3,'2011-12-12','69350',NULL,2,13.27,1,'2011-12-12 21:18:15','2011-12-12 21:18:15','1981.20'),(41,8,3,'2011-12-12','0022573',NULL,7,29.12,1,'2011-12-12 21:21:19','2011-12-12 21:21:19','13493.95'),(42,5,6,'2011-12-13','172406',119.78,4,21.77,2,'2011-12-13 15:43:03','2011-12-13 15:43:03','14358.90'),(44,3,4,'2011-12-20','99999',3.35,1,0,1,'2011-12-20 21:26:52','2011-12-20 22:17:30','1506.70'),(45,3,3,'2011-12-20','99999',0,1,4.04,1,'2011-12-20 21:37:22','2011-12-20 22:02:52','1653.25'),(46,2,3,'2011-12-20','9999',3.42,1,0,1,'2011-12-20 21:42:11','2011-12-20 22:03:30','1673.97'),(47,2,2,'2011-12-20','9999',3.58,1,0,1,'2011-12-20 21:45:07','2011-12-20 22:05:18','1663.00'),(48,3,3,'2011-12-20','9999',NULL,1,3.57,1,'2011-12-20 21:58:10','2011-12-20 21:58:10','1789.25'),(49,3,3,'2011-11-30','9999',NULL,1,3.05,1,'2011-12-20 21:59:09','2011-12-20 21:59:09','1529.25'),(50,3,3,'2011-12-20','9999',NULL,1,3.6,1,'2011-12-20 22:01:07','2011-12-20 22:01:07','1751.30'),(51,2,3,'2011-12-20','9999',15.77,1,NULL,1,'2011-12-20 22:15:34','2011-12-20 22:15:34','946.24');
/*!40000 ALTER TABLE `payment_from_destinations` ENABLE KEYS */;
UNLOCK TABLES;

--
-- Table structure for table `receipt_items`
--

DROP TABLE IF EXISTS `receipt_items`;
/*!40101 SET @saved_cs_client     = @@character_set_client */;
/*!40101 SET character_set_client = utf8 */;
CREATE TABLE `receipt_items` (
  `id` int(11) NOT NULL AUTO_INCREMENT,
  `item_data` varchar(255) COLLATE utf8_unicode_ci DEFAULT NULL,
  `receipt_id` int(11) DEFAULT NULL,
  `created_at` datetime DEFAULT NULL,
  `updated_at` datetime DEFAULT NULL,
  `value` decimal(8,2) DEFAULT NULL,
  PRIMARY KEY (`id`)
) ENGINE=InnoDB DEFAULT CHARSET=utf8 COLLATE=utf8_unicode_ci;
/*!40101 SET character_set_client = @saved_cs_client */;

--
-- Dumping data for table `receipt_items`
--

LOCK TABLES `receipt_items` WRITE;
/*!40000 ALTER TABLE `receipt_items` DISABLE KEYS */;
/*!40000 ALTER TABLE `receipt_items` ENABLE KEYS */;
UNLOCK TABLES;

--
-- Table structure for table `receipt_logger_rates`
--

DROP TABLE IF EXISTS `receipt_logger_rates`;
/*!40101 SET @saved_cs_client     = @@character_set_client */;
/*!40101 SET character_set_client = utf8 */;
CREATE TABLE `receipt_logger_rates` (
  `id` int(11) NOT NULL AUTO_INCREMENT,
  `created_at` datetime DEFAULT NULL,
  `updated_at` datetime DEFAULT NULL,
  PRIMARY KEY (`id`)
) ENGINE=InnoDB DEFAULT CHARSET=utf8 COLLATE=utf8_unicode_ci;
/*!40101 SET character_set_client = @saved_cs_client */;

--
-- Dumping data for table `receipt_logger_rates`
--

LOCK TABLES `receipt_logger_rates` WRITE;
/*!40000 ALTER TABLE `receipt_logger_rates` DISABLE KEYS */;
/*!40000 ALTER TABLE `receipt_logger_rates` ENABLE KEYS */;
UNLOCK TABLES;

--
-- Table structure for table `receipts`
--

DROP TABLE IF EXISTS `receipts`;
/*!40101 SET @saved_cs_client     = @@character_set_client */;
/*!40101 SET character_set_client = utf8 */;
CREATE TABLE `receipts` (
  `id` int(11) NOT NULL AUTO_INCREMENT,
  `job_id` int(11) DEFAULT NULL,
  `owner_id` int(11) DEFAULT NULL,
  `owner_type` varchar(255) COLLATE utf8_unicode_ci DEFAULT NULL,
  `payment_num` int(11) DEFAULT NULL,
  `notes` varchar(255) COLLATE utf8_unicode_ci DEFAULT NULL,
  `receipt_date` date DEFAULT NULL,
  `created_at` datetime DEFAULT NULL,
  `updated_at` datetime DEFAULT NULL,
  `total_payment` decimal(8,2) DEFAULT NULL,
  PRIMARY KEY (`id`)
) ENGINE=InnoDB AUTO_INCREMENT=2 DEFAULT CHARSET=utf8 COLLATE=utf8_unicode_ci;
/*!40101 SET character_set_client = @saved_cs_client */;

--
-- Dumping data for table `receipts`
--

LOCK TABLES `receipts` WRITE;
/*!40000 ALTER TABLE `receipts` DISABLE KEYS */;
INSERT INTO `receipts` VALUES (1,3,3,'logger',1,'Paid to Levanen...11/30/2011','2011-12-07','2011-12-07 20:19:08','2011-12-07 20:19:08','10195.20');
/*!40000 ALTER TABLE `receipts` ENABLE KEYS */;
UNLOCK TABLES;

--
-- Table structure for table `receipts_tickets`
--

DROP TABLE IF EXISTS `receipts_tickets`;
/*!40101 SET @saved_cs_client     = @@character_set_client */;
/*!40101 SET character_set_client = utf8 */;
CREATE TABLE `receipts_tickets` (
  `receipt_id` int(11) DEFAULT NULL,
  `ticket_id` int(11) DEFAULT NULL
) ENGINE=InnoDB DEFAULT CHARSET=utf8 COLLATE=utf8_unicode_ci;
/*!40101 SET character_set_client = @saved_cs_client */;

--
-- Dumping data for table `receipts_tickets`
--

LOCK TABLES `receipts_tickets` WRITE;
/*!40000 ALTER TABLE `receipts_tickets` DISABLE KEYS */;
INSERT INTO `receipts_tickets` VALUES (1,127),(1,128),(1,129),(1,130),(1,131),(1,132),(1,133),(1,136),(1,137),(1,138),(1,139);
/*!40000 ALTER TABLE `receipts_tickets` ENABLE KEYS */;
UNLOCK TABLES;

--
-- Table structure for table `schema_migrations`
--

DROP TABLE IF EXISTS `schema_migrations`;
/*!40101 SET @saved_cs_client     = @@character_set_client */;
/*!40101 SET character_set_client = utf8 */;
CREATE TABLE `schema_migrations` (
  `version` varchar(255) COLLATE utf8_unicode_ci NOT NULL,
  UNIQUE KEY `unique_schema_migrations` (`version`)
) ENGINE=InnoDB DEFAULT CHARSET=utf8 COLLATE=utf8_unicode_ci;
/*!40101 SET character_set_client = @saved_cs_client */;

--
-- Dumping data for table `schema_migrations`
--

LOCK TABLES `schema_migrations` WRITE;
/*!40000 ALTER TABLE `schema_migrations` DISABLE KEYS */;
INSERT INTO `schema_migrations` VALUES ('20110830235214'),('20110830235257'),('20110830235448'),('20110830235611'),('20110830235709'),('20110830235946'),('20110831000130'),('20110831001228'),('20110831001330'),('20110831232906'),('20110831233334'),('20110831235644'),('20110906184812'),('20110908215652'),('20110908215818'),('20110908215819'),('20110915221441'),('20110921161616'),('20110929184308'),('20111012172028'),('20111018172230'),('20111129012620'),('20111130222336'),('20111130234354');
/*!40000 ALTER TABLE `schema_migrations` ENABLE KEYS */;
UNLOCK TABLES;

--
-- Table structure for table `species`
--

DROP TABLE IF EXISTS `species`;
/*!40101 SET @saved_cs_client     = @@character_set_client */;
/*!40101 SET character_set_client = utf8 */;
CREATE TABLE `species` (
  `id` int(11) NOT NULL AUTO_INCREMENT,
  `code` varchar(255) COLLATE utf8_unicode_ci DEFAULT NULL,
  `name` varchar(255) COLLATE utf8_unicode_ci DEFAULT NULL,
  `created_at` datetime DEFAULT NULL,
  `updated_at` datetime DEFAULT NULL,
  PRIMARY KEY (`id`)
) ENGINE=InnoDB AUTO_INCREMENT=6 DEFAULT CHARSET=utf8 COLLATE=utf8_unicode_ci;
/*!40101 SET character_set_client = @saved_cs_client */;

--
-- Dumping data for table `species`
--

LOCK TABLES `species` WRITE;
/*!40000 ALTER TABLE `species` DISABLE KEYS */;
INSERT INTO `species` VALUES (1,'DF','Douglas Fir','2011-10-14 21:00:50','2011-10-14 21:00:50'),(2,'WH','Hemlock','2011-10-14 21:00:50','2011-10-14 21:00:50'),(3,'RC','Cedar','2011-10-14 21:00:50','2011-10-14 21:00:50'),(4,'RA','Alder','2011-10-14 21:00:50','2011-10-14 21:00:50'),(5,'OH','Maple','2011-10-14 21:00:50','2011-10-14 21:00:50');
/*!40000 ALTER TABLE `species` ENABLE KEYS */;
UNLOCK TABLES;

--
-- Table structure for table `ticket_ranges`
--

DROP TABLE IF EXISTS `ticket_ranges`;
/*!40101 SET @saved_cs_client     = @@character_set_client */;
/*!40101 SET character_set_client = utf8 */;
CREATE TABLE `ticket_ranges` (
  `id` int(11) NOT NULL AUTO_INCREMENT,
  `from` int(11) DEFAULT NULL,
  `job_id` int(11) DEFAULT NULL,
  `to` int(11) DEFAULT NULL,
  `created_at` datetime DEFAULT NULL,
  `updated_at` datetime DEFAULT NULL,
  PRIMARY KEY (`id`)
) ENGINE=InnoDB AUTO_INCREMENT=8 DEFAULT CHARSET=utf8 COLLATE=utf8_unicode_ci;
/*!40101 SET character_set_client = @saved_cs_client */;

--
-- Dumping data for table `ticket_ranges`
--

LOCK TABLES `ticket_ranges` WRITE;
/*!40000 ALTER TABLE `ticket_ranges` DISABLE KEYS */;
INSERT INTO `ticket_ranges` VALUES (1,1200,1,1300,'2011-10-19 00:16:13','2011-10-19 00:16:13'),(2,4001,2,4150,'2011-10-20 22:37:17','2011-10-26 02:21:43'),(3,4151,3,4200,'2011-11-28 17:58:41','2011-11-28 17:58:41'),(4,4201,4,4300,'2011-12-01 22:25:03','2011-12-01 22:25:03'),(5,2451,5,2475,'2011-12-09 20:37:08','2011-12-09 20:37:08'),(6,3476,6,3500,'2011-12-12 20:13:01','2011-12-12 20:13:01'),(7,4301,4,4325,'2011-12-16 01:23:56','2011-12-16 01:23:57');
/*!40000 ALTER TABLE `ticket_ranges` ENABLE KEYS */;
UNLOCK TABLES;

--
-- Table structure for table `tickets`
--

DROP TABLE IF EXISTS `tickets`;
/*!40101 SET @saved_cs_client     = @@character_set_client */;
/*!40101 SET character_set_client = utf8 */;
CREATE TABLE `tickets` (
  `id` int(11) NOT NULL AUTO_INCREMENT,
  `delivery_date` date DEFAULT NULL,
  `destination_id` int(11) DEFAULT NULL,
  `job_id` int(11) DEFAULT NULL,
  `number` int(11) DEFAULT NULL,
  `wood_type` int(11) DEFAULT NULL,
  `paid_to_owner` tinyint(1) DEFAULT NULL,
  `paid_to_logger` tinyint(1) DEFAULT NULL,
  `paid_to_trucker` tinyint(1) DEFAULT NULL,
  `created_at` datetime DEFAULT NULL,
  `updated_at` datetime DEFAULT NULL,
  `value` decimal(8,2) DEFAULT NULL,
  `mbf_converted` tinyint(1) DEFAULT NULL,
  `paid_to_hfi` tinyint(1) DEFAULT NULL,
  PRIMARY KEY (`id`)
) ENGINE=InnoDB AUTO_INCREMENT=185 DEFAULT CHARSET=utf8 COLLATE=utf8_unicode_ci;
/*!40101 SET character_set_client = @saved_cs_client */;

--
-- Dumping data for table `tickets`
--

LOCK TABLES `tickets` WRITE;
/*!40000 ALTER TABLE `tickets` DISABLE KEYS */;
INSERT INTO `tickets` VALUES (127,'2011-11-14',5,3,4151,2,0,1,0,'2011-11-28 23:23:27','2011-12-07 20:19:08','3361.60',0,0),(128,'2011-11-15',5,3,4153,2,0,1,0,'2011-11-28 23:24:02','2011-12-07 20:19:08','2569.10',0,0),(129,'2011-11-15',5,3,4154,2,0,1,0,'2011-11-28 23:25:04','2011-12-07 20:19:08','3247.20',0,0),(130,'2011-11-15',5,3,4155,2,0,1,0,'2011-11-28 23:26:13','2011-12-07 20:19:08','2756.80',0,0),(131,'2011-11-16',5,3,4156,2,0,1,0,'2011-11-28 23:26:46','2011-12-07 20:19:08','3386.70',0,0),(132,'2011-11-16',5,3,4157,2,0,1,0,'2011-11-28 23:27:20','2011-12-07 20:19:08','2423.40',0,0),(133,'2011-11-17',5,3,4162,2,0,1,0,'2011-11-28 23:28:04','2011-12-07 20:19:08','3332.70',0,0),(136,'2011-11-17',9,3,4152,1,0,1,0,'2011-11-30 21:41:04','2011-12-07 20:19:08','3033.60',0,0),(137,'2011-11-17',8,3,4167,1,0,1,0,'2011-11-30 22:05:40','2011-12-07 20:19:08','1573.00',0,0),(138,'2011-11-17',8,3,4170,1,0,1,0,'2011-11-30 22:06:52','2011-12-07 20:19:08','2055.00',0,0),(139,'2011-11-17',9,3,4164,1,0,1,0,'2011-11-30 22:07:55','2011-12-07 20:19:08','2467.40',0,0),(140,'2011-11-16',2,3,4158,1,0,0,0,'2011-12-08 13:51:53','2011-12-08 13:51:53','1833.75',1,NULL),(141,'2011-11-16',2,3,4159,1,0,0,0,'2011-12-08 13:55:46','2011-12-08 13:55:46','2083.50',1,NULL),(142,'2011-11-16',2,3,4160,1,0,0,0,'2011-12-08 13:57:15','2011-12-08 13:57:15','1939.25',1,NULL),(143,'2011-11-17',2,3,4169,1,0,0,0,'2011-12-08 13:59:54','2011-12-08 13:59:54','1580.71',1,NULL),(144,'2011-11-17',2,3,4165,1,0,0,0,'2011-12-08 14:02:07','2011-12-08 14:02:07','1906.75',1,NULL),(145,'2011-11-28',5,3,4171,2,0,0,0,'2011-12-12 15:09:58','2011-12-12 15:09:58','2609.00',0,NULL),(146,'2011-11-28',5,3,4177,2,0,0,0,'2011-12-12 15:10:46','2011-12-12 15:10:46','2465.30',0,NULL),(147,'2011-11-29',5,3,4183,2,0,0,0,'2011-12-12 15:11:40','2011-12-12 15:11:40','2835.00',0,NULL),(158,'2011-12-01',8,3,4189,1,0,0,0,'2011-12-12 21:07:09','2011-12-12 21:07:09','1730.75',0,NULL),(159,'2011-11-28',8,3,4174,1,0,0,0,'2011-12-12 21:08:53','2011-12-12 21:08:53','1779.75',0,NULL),(160,'2011-11-29',8,3,4185,1,0,0,0,'2011-12-12 21:09:30','2011-12-12 21:09:30','2279.50',0,NULL),(161,'2011-12-01',8,3,4187,1,0,0,0,'2011-12-12 21:11:34','2011-12-12 21:11:34','2334.60',0,NULL),(162,'2011-11-30',8,3,4184,1,0,0,0,'2011-12-12 21:14:35','2011-12-12 21:17:37','1981.20',0,NULL),(163,'2011-11-17',6,3,4161,1,0,0,0,'2011-12-12 21:19:54','2011-12-12 21:19:54','2543.55',0,NULL),(164,'2011-11-17',6,3,4163,1,0,0,0,'2011-12-12 21:22:10','2011-12-12 21:22:10','2174.20',0,NULL),(165,'2011-11-17',6,3,4166,1,0,0,0,'2011-12-12 21:23:02','2011-12-12 21:23:02','1834.90',0,NULL),(166,'2011-11-17',6,3,4168,1,0,0,0,'2011-12-12 21:23:42','2011-12-12 21:23:42','1688.50',0,NULL),(167,'2011-11-28',6,3,4172,1,0,0,0,'2011-12-12 21:25:32','2011-12-12 21:25:32','1712.75',0,NULL),(168,'2011-11-28',6,3,4173,1,0,0,0,'2011-12-12 21:27:50','2011-12-12 21:27:50','1470.70',0,NULL),(169,'2011-11-29',6,3,4182,1,0,0,0,'2011-12-12 21:28:31','2011-12-12 21:28:31','2069.35',0,NULL),(170,'2011-12-08',5,6,3476,2,0,0,0,'2011-12-13 15:38:48','2011-12-13 15:38:48','3248.50',0,NULL),(171,'2011-12-08',5,6,3477,2,0,0,0,'2011-12-13 15:39:28','2011-12-13 15:39:28','3822.80',0,NULL),(172,'2011-12-09',5,6,3478,2,0,0,0,'2011-12-13 15:40:03','2011-12-13 15:40:03','3487.20',0,NULL),(173,'2011-12-09',5,6,3479,2,0,0,0,'2011-12-13 15:41:13','2011-12-13 15:41:13','3800.40',0,NULL),(176,'2001-12-09',3,4,4224,1,0,0,0,'2011-12-20 21:26:10','2011-12-20 21:26:10','1506.70',1,NULL),(177,'2011-11-28',3,3,4175,1,0,0,0,'2011-12-20 21:36:38','2011-12-20 21:36:38','1653.25',0,NULL),(178,'2011-11-28',2,3,4176,1,0,0,0,'2011-12-20 21:41:30','2011-12-20 21:41:30','1673.97',1,NULL),(179,'2011-11-29',2,3,4179,1,0,0,0,'2011-12-20 21:44:17','2011-12-20 21:44:17','1663.00',1,NULL),(180,'2011-11-29',3,3,4180,1,0,0,0,'2011-12-20 21:50:24','2011-12-20 21:50:24','1789.25',0,NULL),(181,'2011-11-30',3,3,4186,1,0,0,0,'2011-12-20 22:00:00','2011-12-20 22:00:00','1529.25',0,NULL),(182,'2011-11-30',3,3,4188,1,0,0,0,'2011-12-20 22:00:39','2011-12-20 22:00:39','1751.30',0,NULL),(183,'2011-11-28',2,4,4210,1,0,0,0,'2011-12-20 22:14:38','2011-12-20 22:14:38','946.24',1,NULL),(184,'2011-12-01',7,3,4190,3,0,0,0,'2011-12-22 00:51:51','2011-12-22 00:51:51','1340.44',0,NULL);
/*!40000 ALTER TABLE `tickets` ENABLE KEYS */;
UNLOCK TABLES;

--
-- Table structure for table `trucker_assignments`
--

DROP TABLE IF EXISTS `trucker_assignments`;
/*!40101 SET @saved_cs_client     = @@character_set_client */;
/*!40101 SET character_set_client = utf8 */;
CREATE TABLE `trucker_assignments` (
  `id` int(11) NOT NULL AUTO_INCREMENT,
  `job_id` int(11) DEFAULT NULL,
  `partner_id` int(11) DEFAULT NULL,
  `created_at` datetime DEFAULT NULL,
  `updated_at` datetime DEFAULT NULL,
  PRIMARY KEY (`id`)
) ENGINE=InnoDB AUTO_INCREMENT=7 DEFAULT CHARSET=utf8 COLLATE=utf8_unicode_ci;
/*!40101 SET character_set_client = @saved_cs_client */;

--
-- Dumping data for table `trucker_assignments`
--

LOCK TABLES `trucker_assignments` WRITE;
/*!40000 ALTER TABLE `trucker_assignments` DISABLE KEYS */;
INSERT INTO `trucker_assignments` VALUES (1,1,1,'2011-10-14 21:10:21','2011-10-14 21:10:21'),(2,2,3,'2011-10-19 01:59:50','2011-10-19 01:59:50'),(3,3,3,'2011-11-28 17:58:00','2011-11-28 17:58:00'),(4,4,3,'2011-12-01 22:22:27','2011-12-01 22:22:27'),(5,5,4,'2011-12-09 20:36:45','2011-12-09 20:36:45'),(6,6,6,'2011-12-12 20:12:34','2011-12-12 20:12:34');
/*!40000 ALTER TABLE `trucker_assignments` ENABLE KEYS */;
UNLOCK TABLES;

--
-- Table structure for table `trucker_rates`
--

DROP TABLE IF EXISTS `trucker_rates`;
/*!40101 SET @saved_cs_client     = @@character_set_client */;
/*!40101 SET character_set_client = utf8 */;
CREATE TABLE `trucker_rates` (
  `id` int(11) NOT NULL AUTO_INCREMENT,
  `destination_id` int(11) DEFAULT NULL,
  `job_id` int(11) DEFAULT NULL,
  `partner_id` int(11) DEFAULT NULL,
  `receipt_id` int(11) DEFAULT NULL,
  `rate_type` varchar(255) COLLATE utf8_unicode_ci DEFAULT NULL,
  `created_at` datetime DEFAULT NULL,
  `updated_at` datetime DEFAULT NULL,
  `rate` decimal(8,2) DEFAULT NULL,
  PRIMARY KEY (`id`)
) ENGINE=InnoDB AUTO_INCREMENT=18 DEFAULT CHARSET=utf8 COLLATE=utf8_unicode_ci;
/*!40101 SET character_set_client = @saved_cs_client */;

--
-- Dumping data for table `trucker_rates`
--

LOCK TABLES `trucker_rates` WRITE;
/*!40000 ALTER TABLE `trucker_rates` DISABLE KEYS */;
INSERT INTO `trucker_rates` VALUES (1,1,1,1,NULL,'MBF','2011-10-14 22:49:14','2011-12-01 04:55:23','50.00'),(2,4,2,3,NULL,'Tonnage','2011-10-20 22:39:52','2011-12-01 04:55:23','0.00'),(3,5,2,3,NULL,'Tonnage','2011-10-20 22:47:36','2011-12-01 04:55:23','0.00'),(4,2,2,3,NULL,'Tonnage','2011-10-20 22:48:27','2011-12-01 04:55:23','0.00'),(5,3,2,3,NULL,'Tonnage','2011-10-20 23:00:12','2011-12-01 04:55:23','0.00'),(6,6,2,3,NULL,'Tonnage','2011-10-20 23:01:55','2011-12-01 04:55:23','0.00'),(7,7,2,3,NULL,'Tonnage','2011-10-20 23:03:16','2011-12-01 04:55:23','0.00'),(8,7,1,1,NULL,'Tonnage','2011-10-25 22:08:20','2011-12-01 04:55:23','2.00'),(9,7,1,1,NULL,'MBF','2011-10-25 22:10:40','2011-12-01 04:55:23','3.00'),(10,1,1,1,NULL,'Tonnage','2011-10-25 22:13:19','2011-12-01 04:55:23','3.00'),(11,5,3,3,NULL,'MBF','2011-11-28 22:20:37','2011-12-01 04:55:23','0.00'),(12,2,3,3,NULL,'Tonnage','2011-11-28 22:21:02','2011-12-01 04:55:23','0.00'),(13,8,3,3,NULL,'MBF','2011-11-29 00:25:31','2011-12-01 04:55:23','0.00'),(14,9,3,3,NULL,'MBF','2011-11-29 00:27:57','2011-12-01 04:55:23','0.00'),(15,7,3,3,NULL,'Tonnage','2011-11-29 00:28:19','2011-12-01 04:55:23','0.00'),(16,6,3,3,NULL,'MBF','2011-11-29 00:28:47','2011-12-01 04:55:23','0.00'),(17,5,4,3,NULL,'MBF','2011-12-01 22:22:58','2011-12-01 22:22:58','185.00');
/*!40000 ALTER TABLE `trucker_rates` ENABLE KEYS */;
UNLOCK TABLES;

--
-- Table structure for table `wood_types`
--

DROP TABLE IF EXISTS `wood_types`;
/*!40101 SET @saved_cs_client     = @@character_set_client */;
/*!40101 SET character_set_client = utf8 */;
CREATE TABLE `wood_types` (
  `id` int(11) NOT NULL AUTO_INCREMENT,
  `name` varchar(255) COLLATE utf8_unicode_ci DEFAULT NULL,
  `code` varchar(255) COLLATE utf8_unicode_ci DEFAULT NULL,
  `created_at` datetime DEFAULT NULL,
  `updated_at` datetime DEFAULT NULL,
  PRIMARY KEY (`id`)
) ENGINE=InnoDB AUTO_INCREMENT=7 DEFAULT CHARSET=utf8 COLLATE=utf8_unicode_ci;
/*!40101 SET character_set_client = @saved_cs_client */;

--
-- Dumping data for table `wood_types`
--

LOCK TABLES `wood_types` WRITE;
/*!40000 ALTER TABLE `wood_types` DISABLE KEYS */;
INSERT INTO `wood_types` VALUES (1,'Sawlogs',NULL,'2011-10-14 21:00:50','2011-10-14 21:00:50'),(2,'Export',NULL,'2011-10-14 21:00:50','2011-10-14 21:00:50'),(3,'Pulp',NULL,'2011-10-14 21:00:50','2011-10-14 21:00:50'),(4,'Mixed',NULL,'2011-10-14 21:00:50','2011-10-14 21:00:50'),(5,'Specialty',NULL,'2011-10-14 21:00:50','2011-10-14 21:00:50'),(6,'Habitat Logs',NULL,'2011-10-14 21:00:50','2011-10-14 21:00:50');
/*!40000 ALTER TABLE `wood_types` ENABLE KEYS */;
UNLOCK TABLES;
/*!40103 SET TIME_ZONE=@OLD_TIME_ZONE */;

/*!40101 SET SQL_MODE=@OLD_SQL_MODE */;
/*!40014 SET FOREIGN_KEY_CHECKS=@OLD_FOREIGN_KEY_CHECKS */;
/*!40014 SET UNIQUE_CHECKS=@OLD_UNIQUE_CHECKS */;
/*!40101 SET CHARACTER_SET_CLIENT=@OLD_CHARACTER_SET_CLIENT */;
/*!40101 SET CHARACTER_SET_RESULTS=@OLD_CHARACTER_SET_RESULTS */;
/*!40101 SET COLLATION_CONNECTION=@OLD_COLLATION_CONNECTION */;
/*!40111 SET SQL_NOTES=@OLD_SQL_NOTES */;

-- Dump completed on 2011-12-22 10:54:06
